{
  "RSpec": {
    "coverage": {
      "/Users/tkellogg/Documents/projects/RailsApps/default_rails_setup/spec/features/authorizations_spec.rb": [
        1,
        null,
        1,
        null,
        1,
        2,
        null,
        1,
        1,
        1,
        null,
        null,
        null,
        1,
        1,
        null,
        1,
        0,
        0,
        0,
        0,
        null,
        null,
        null,
        null,
        null,
        null,
        null,
        1,
        null,
        null,
        null,
        null,
        null
      ],
      "/Users/tkellogg/Documents/projects/RailsApps/default_rails_setup/spec/rails_helper.rb": [
        null,
        1,
        1,
        null,
        1,
        1,
        1,
        null,
        null,
        null,
        null,
        null,
        null,
        null,
        null,
        null,
        null,
        null,
        null,
        null,
        null,
        null,
        null,
        null,
        null,
        null,
        1,
        null,
        1,
        null,
        1,
        null,
        null,
        null,
        null,
        1,
        null,
        null,
        null,
        null,
        null,
        null,
        null,
        null,
        null,
        null,
        null,
        null,
        null,
        null,
        1,
        null,
        null,
        1,
        1,
        1,
        1,
        null,
        null
      ],
      "/Users/tkellogg/Documents/projects/RailsApps/default_rails_setup/config/environment.rb": [
        null,
        1,
        null,
        null,
        1
      ],
      "/Users/tkellogg/Documents/projects/RailsApps/default_rails_setup/config/application.rb": [
        1,
        null,
        1,
        null,
        1,
        1,
        1,
        1,
        1,
        1,
        1,
        null,
        null,
        null,
        null,
        1,
        null,
        1,
        1,
        null,
        null,
        null,
        null,
        null,
        null,
        null,
        null,
        null,
        null,
        null,
        null,
        null,
        1,
        null,
        null
      ],
      "/Users/tkellogg/Documents/projects/RailsApps/default_rails_setup/config/boot.rb": [
        1,
        null,
        1
      ],
      "/Users/tkellogg/Documents/projects/RailsApps/default_rails_setup/config/environments/test.rb": [
        1,
        null,
        null,
        null,
        null,
        null,
        null,
        1,
        null,
        null,
        null,
        null,
        1,
        null,
        null,
        1,
        1,
        null,
        null,
        1,
        1,
        null,
        null,
        1,
        null,
        null,
        1,
        null,
        null,
        null,
        null,
        1,
        null,
        null,
        1,
        null,
        null,
        1,
        null,
        null,
        null,
        null
      ],
      "/Users/tkellogg/Documents/projects/RailsApps/default_rails_setup/config/initializers/assets.rb": [
        null,
        null,
        null,
        1,
        null,
        null,
        null,
        null,
        null,
        null,
        null
      ],
      "/Users/tkellogg/Documents/projects/RailsApps/default_rails_setup/config/initializers/backtrace_silencers.rb": [
        null,
        null,
        null,
        null,
        null,
        null,
        null
      ],
      "/Users/tkellogg/Documents/projects/RailsApps/default_rails_setup/config/initializers/cookies_serializer.rb": [
        null,
        null,
        1
      ],
      "/Users/tkellogg/Documents/projects/RailsApps/default_rails_setup/config/initializers/filter_parameter_logging.rb": [
        null,
        null,
        null,
        1
      ],
      "/Users/tkellogg/Documents/projects/RailsApps/default_rails_setup/config/initializers/inflections.rb": [
        null,
        null,
        null,
        null,
        null,
        null,
        null,
        null,
        null,
        null,
        null,
        null,
        null,
        null,
        null,
        null
      ],
      "/Users/tkellogg/Documents/projects/RailsApps/default_rails_setup/config/initializers/mime_types.rb": [
        null,
        null,
        null,
        null
      ],
      "/Users/tkellogg/Documents/projects/RailsApps/default_rails_setup/config/initializers/session_store.rb": [
        null,
        null,
        1
      ],
      "/Users/tkellogg/Documents/projects/RailsApps/default_rails_setup/config/initializers/wrap_parameters.rb": [
        null,
        null,
        null,
        null,
        null,
        null,
        1,
        1,
        null,
        null,
        null,
        null,
        null,
        null
      ],
      "/Users/tkellogg/Documents/projects/RailsApps/default_rails_setup/app/controllers/application_controller.rb": [
        1,
        1,
        1,
        null
      ],
      "/Users/tkellogg/Documents/projects/RailsApps/default_rails_setup/app/helpers/application_helper.rb": [
        1,
        1,
        8,
        8,
        2,
        null,
        6,
        null,
        null,
        null
      ],
      "/Users/tkellogg/Documents/projects/RailsApps/default_rails_setup/app/helpers/sessions_helper.rb": [
        1,
        null,
        null,
        1,
        1,
        null,
        null,
        null,
        1,
        1,
        1,
        1,
        null,
        null,
        null,
        1,
        10,
        2,
        8,
        0,
        0,
        0,
        0,
        null,
        null,
        null,
        null,
        null,
        1,
        9,
        null,
        null,
        null,
        1,
        0,
        0,
        0,
        null,
        null,
        null,
        1,
        0,
        0,
        0,
        null,
        null,
        null
      ],
      "/Users/tkellogg/Documents/projects/RailsApps/default_rails_setup/app/helpers/static_pages_helper.rb": [
        1,
        null
      ],
      "/Users/tkellogg/Documents/projects/RailsApps/default_rails_setup/app/helpers/users_helper.rb": [
        1,
        null
      ],
      "/Users/tkellogg/Documents/projects/RailsApps/default_rails_setup/app/controllers/sessions_controller.rb": [
        1,
        null,
        1,
        null,
        null,
        1,
        1,
        1,
        0,
        0,
        0,
        null,
        1,
        1,
        null,
        null,
        null,
        1,
        0,
        0,
        0,
        null,
        null
      ],
      "/Users/tkellogg/Documents/projects/RailsApps/default_rails_setup/app/controllers/static_pages_controller.rb": [
        1,
        null,
        1,
        null,
        null
      ],
      "/Users/tkellogg/Documents/projects/RailsApps/default_rails_setup/app/controllers/users_controller.rb": [
        1,
        1,
        1,
        1,
        null,
        1,
        1,
        null,
        null,
        1,
        2,
        null,
        null,
        1,
        2,
        2,
        1,
        1,
        1,
        1,
        null,
        1,
        null,
        null,
        null,
        1,
        0,
        0,
        0,
        null,
        0,
        0,
        null,
        null,
        null,
        1,
        0,
        0,
        0,
        null,
        null,
        1,
        0,
        null,
        null,
        1,
        1,
        2,
        null,
        null,
        null,
        1,
        1,
        1,
        1,
        null,
        null,
        null,
        1,
        0,
        0,
        0,
        null,
        null,
        1,
        0,
        null,
        null,
        null
      ],
      "/Users/tkellogg/Documents/projects/RailsApps/default_rails_setup/app/models/user.rb": [
        1,
        1,
        null,
        1,
        1,
        1,
        null,
        1,
        1,
        null,
        1,
        1,
        null,
        1,
        null,
        null,
        null,
        1,
        1,
        null,
        null,
        null,
        1,
        1,
        1,
        null,
        null,
        null,
        1,
        0,
        0,
        null,
        null,
        null,
        1,
        0,
        null,
        null,
        null
      ],
      "/Users/tkellogg/Documents/projects/RailsApps/default_rails_setup/spec/factories.rb": [
        1,
        1,
        2,
        2,
        1,
        1,
        null,
        1,
        1,
        null,
        null,
        null
      ],
      "/Users/tkellogg/Documents/projects/RailsApps/default_rails_setup/config/routes.rb": [
        1,
        1,
        null,
        1,
        1,
        1,
        1,
        null,
        1,
        null,
        1,
        null,
        null,
        null
      ],
      "/Users/tkellogg/Documents/projects/RailsApps/default_rails_setup/spec/features/users_logins_spec.rb": [
        1,
        null,
        1,
        1,
        1,
        1,
        1,
        1,
        1,
        1,
        null,
        null,
        null
      ],
      "/Users/tkellogg/Documents/projects/RailsApps/default_rails_setup/spec/features/users_signups_spec.rb": [
        1,
        null,
        1,
        null,
        1,
        1,
        1,
        1,
        1,
        1,
        1,
        1,
        1,
        null,
        null,
        null,
        1,
        1,
        1,
        1,
        1,
        1,
        1,
        1,
        1,
        null,
        null,
        null
      ],
      "/Users/tkellogg/Documents/projects/RailsApps/default_rails_setup/spec/models/user_spec.rb": [
        1,
        null,
        1,
        null,
        1,
        8,
        null,
        null,
        null,
        2,
        2,
        null,
        2,
        2,
        null,
        2,
        2,
        null,
        1,
        1,
        1,
        null,
        1,
        5,
        5,
        null,
        null,
        null,
        null,
        1,
        1,
        1,
        1,
        4,
        4,
        null,
        null,
        null,
        null,
        null,
        null,
        null,
        null,
        null,
        null,
        null,
        null,
        null,
        null,
        null,
        null,
        null,
        null,
        null,
        null,
        null,
        null,
        null,
        null,
        null
      ]
    },
    "timestamp": 1445231878
  }
}
